0 info it worked if it ends with ok
1 verbose cli [ 'node',
1 verbose cli   'C:\\Users\\artem.linenko\\AppData\\Roaming\\npm\\node_modules\\npm\\bin\\npm-cli.js',
1 verbose cli   'start' ]
2 info using npm@3.7.1
3 info using node@v0.12.3
4 verbose run-script [ 'prestart', 'start', 'poststart' ]
5 info lifecycle redux-todos-example@0.0.0~prestart: redux-todos-example@0.0.0
6 silly lifecycle redux-todos-example@0.0.0~prestart: no script for prestart, continuing
7 info lifecycle redux-todos-example@0.0.0~start: redux-todos-example@0.0.0
8 verbose lifecycle redux-todos-example@0.0.0~start: unsafe-perm in lifecycle true
9 verbose lifecycle redux-todos-example@0.0.0~start: PATH: C:\Users\artem.linenko\AppData\Roaming\npm\node_modules\npm\bin\node-gyp-bin;C:\Users\artem.linenko\Desktop\projects\redux tests\redux-tabs\node_modules\.bin;C:\Program Files\nodejs;C:\Program Files\ImageMagick-6.9.3-Q16;C:\Program Files\Java\jdk1.7.0_79\bin;C:\Program Files\Apache Tomcat\apache-tomcat-7.0.65\bin;C:\Windows\system32;C:\Windows;C:\Windows\System32\Wbem;C:\Windows\System32\WindowsPowerShell\v1.0\;C:\Program Files (x86)\Skype\Phone\;C:\Python27\;C:\Program Files\Mercurial\;C:\Users\artem.linenko\AppData\Roaming\npm;C:\Users\artem.linenko\AppData\Roaming\nvm;C:\Program Files\nodejs;C:\php;C:\Program Files\Git\cmd;C:\Program Files\Intel\WiFi\bin\;C:\Program Files\Common Files\Intel\WirelessCommon\;C:\Program Files (x86)\Arcanist\arcanist\bin;C:\Users\artem.linenko\gradle-2.9\bin;C:\Program Files\MongoDB\Server\3.2\bin;C:\Program Files\Microsoft SQL Server\110\Tools\Binn\;C:\Program Files (x86)\Microsoft SDKs\TypeScript\1.0\;C:\Program Files\Microsoft SQL Server\120\Tools\Binn\;C:\Program Files (x86)\MSBuild\12.0\Bin\;C:\Program Files\Oracle\VirtualBox;C:\Users\artem.linenko\AppData\Roaming\nvm;C:\Program Files\nodejs;C:\Program Files\Intel\WiFi\bin\;C:\Program Files\Common Files\Intel\WirelessCommon\;C:\Program Files (x86)\Microsoft Visual Studio 14.0\VC\vcpackages;C:\Users\artem.linenko\AppData\Roaming\npm
10 verbose lifecycle redux-todos-example@0.0.0~start: CWD: C:\Users\artem.linenko\Desktop\projects\redux tests\redux-tabs
11 silly lifecycle redux-todos-example@0.0.0~start: Args: [ '/d /s /c', 'node server.js' ]
12 silly lifecycle redux-todos-example@0.0.0~start: Returned: code: 1  signal: null
13 info lifecycle redux-todos-example@0.0.0~start: Failed to exec start script
14 verbose stack Error: redux-todos-example@0.0.0 start: `node server.js`
14 verbose stack Exit status 1
14 verbose stack     at EventEmitter.<anonymous> (C:\Users\artem.linenko\AppData\Roaming\npm\node_modules\npm\lib\utils\lifecycle.js:239:16)
14 verbose stack     at EventEmitter.emit (events.js:110:17)
14 verbose stack     at ChildProcess.<anonymous> (C:\Users\artem.linenko\AppData\Roaming\npm\node_modules\npm\lib\utils\spawn.js:24:14)
14 verbose stack     at ChildProcess.emit (events.js:110:17)
14 verbose stack     at maybeClose (child_process.js:1015:16)
14 verbose stack     at Process.ChildProcess._handle.onexit (child_process.js:1087:5)
15 verbose pkgid redux-todos-example@0.0.0
16 verbose cwd C:\Users\artem.linenko\Desktop\projects\redux tests\redux-tabs
17 error Windows_NT 6.1.7601
18 error argv "node" "C:\\Users\\artem.linenko\\AppData\\Roaming\\npm\\node_modules\\npm\\bin\\npm-cli.js" "start"
19 error node v0.12.3
20 error npm  v3.7.1
21 error code ELIFECYCLE
22 error redux-todos-example@0.0.0 start: `node server.js`
22 error Exit status 1
23 error Failed at the redux-todos-example@0.0.0 start script 'node server.js'.
23 error Make sure you have the latest version of node.js and npm installed.
23 error If you do, this is most likely a problem with the redux-todos-example package,
23 error not with npm itself.
23 error Tell the author that this fails on your system:
23 error     node server.js
23 error You can get information on how to open an issue for this project with:
23 error     npm bugs redux-todos-example
23 error Or if that isn't available, you can get their info via:
23 error     npm owner ls redux-todos-example
23 error There is likely additional logging output above.
24 verbose exit [ 1, true ]
